<?xml version="1.0" encoding="UTF-8"?>
<testng-results ignored="0" total="0" passed="0" failed="0" skipped="0">
  <reporter-output>
  </reporter-output>
  <suite started-at="2021-09-18T23:03:22 GMT+02:00" name="driver.BaseTest" finished-at="2021-09-18T23:03:59 GMT+02:00" duration-ms="37505">
    <groups>
    </groups>
    <test started-at="2021-09-18T23:03:22 GMT+02:00" name="Command line test" finished-at="2021-09-18T23:03:59 GMT+02:00" duration-ms="37505">
      <class name="driver.BaseTest">
        <test-method is-config="true" signature="setupDriver()[pri:0, instance:driver.BaseTest@306279ee]" started-at="2021-09-18T23:03:22 GMT+02:00" name="setupDriver" finished-at="2021-09-18T23:03:57 GMT+02:00" duration-ms="34875" status="PASS">
          <reporter-output>
          </reporter-output>
        </test-method> <!-- setupDriver -->
        <test-method is-config="true" signature="closeDriver()[pri:0, instance:driver.BaseTest@306279ee]" started-at="2021-09-18T23:03:57 GMT+02:00" name="closeDriver" finished-at="2021-09-18T23:03:59 GMT+02:00" duration-ms="2615" status="PASS">
          <reporter-output>
          </reporter-output>
        </test-method> <!-- closeDriver -->
      </class> <!-- driver.BaseTest -->
    </test> <!-- Command line test -->
  </suite> <!-- driver.BaseTest -->
</testng-results>
